{
  "stats": {
    "suites": 1,
    "tests": 14,
    "passes": 14,
    "pending": 0,
    "failures": 0,
    "start": "2024-06-14T12:34:46.332Z",
    "end": "2024-06-14T12:34:52.357Z",
    "duration": 6025,
    "testsRegistered": 14,
    "passPercent": 100,
    "pendingPercent": 0,
    "other": 0,
    "hasOther": false,
    "skipped": 0,
    "hasSkipped": false
  },
  "results": [
    {
      "uuid": "da1c6fb0-56fe-4ec1-9608-ec048299ddf3",
      "title": "",
      "fullFile": "C:\\Users\\user\\Documents\\B436\\individual\\s04\\discussion\\test\\test.js",
      "file": "\\test\\test.js",
      "beforeHooks": [],
      "afterHooks": [],
      "tests": [],
      "suites": [
        {
          "uuid": "86d64d3a-64a4-464d-8087-f9486829d14a",
          "title": "Contact Page Test",
          "fullFile": "C:\\Users\\user\\Documents\\B436\\individual\\s04\\discussion\\test\\test.js",
          "file": "\\test\\test.js",
          "beforeHooks": [
            {
              "title": "\"before all\" hook in \"Contact Page Test\"",
              "fullTitle": "Contact Page Test \"before all\" hook in \"Contact Page Test\"",
              "timedOut": false,
              "duration": 3470,
              "state": null,
              "speed": null,
              "pass": false,
              "fail": false,
              "pending": false,
              "context": null,
              "code": "driver = await new Builder().forBrowser('firefox').setFirefoxOptions(options).build();",
              "err": {},
              "uuid": "d97c5286-e3f8-4e48-8e9f-e60d754ac66c",
              "parentUUID": "86d64d3a-64a4-464d-8087-f9486829d14a",
              "isHook": true,
              "skipped": false
            },
            {
              "title": "\"before each\" hook in \"Contact Page Test\"",
              "fullTitle": "Contact Page Test \"before each\" hook in \"Contact Page Test\"",
              "timedOut": false,
              "duration": 0,
              "state": null,
              "speed": null,
              "pass": false,
              "fail": false,
              "pending": false,
              "context": null,
              "code": "totalTests ++;",
              "err": {},
              "uuid": "77e2fe6f-37af-4a08-bf4d-ceffcd49e7a9",
              "parentUUID": "86d64d3a-64a4-464d-8087-f9486829d14a",
              "isHook": true,
              "skipped": false
            }
          ],
          "afterHooks": [
            {
              "title": "\"after all\" hook in \"Contact Page Test\"",
              "fullTitle": "Contact Page Test \"after all\" hook in \"Contact Page Test\"",
              "timedOut": false,
              "duration": 852,
              "state": null,
              "speed": null,
              "pass": false,
              "fail": false,
              "pending": false,
              "context": null,
              "code": "await driver.quit()\nconsole.log(\"==================\");\nconsole.log(`Test results: ${passedTests}/${totalTests}`);\nconsole.log(`Percentage: ${parseInt((passedTests/totalTests*100).toFixed(2))}%`)\nconsole.log(\"==================\");",
              "err": {},
              "uuid": "59303b4a-5a0d-4a1d-9c64-c60e9ee60605",
              "parentUUID": "86d64d3a-64a4-464d-8087-f9486829d14a",
              "isHook": true,
              "skipped": false
            },
            {
              "title": "\"after each\" hook in \"Contact Page Test\"",
              "fullTitle": "Contact Page Test \"after each\" hook in \"Contact Page Test\"",
              "timedOut": false,
              "duration": 0,
              "state": null,
              "speed": null,
              "pass": false,
              "fail": false,
              "pending": false,
              "context": null,
              "code": "if(this.currentTest.state === \"passed\"){\n            passedTests ++;\n        }",
              "err": {},
              "uuid": "10a5c0c9-a197-4a00-a4e4-80e7743a0d65",
              "parentUUID": "86d64d3a-64a4-464d-8087-f9486829d14a",
              "isHook": true,
              "skipped": false
            }
          ],
          "tests": [
            {
              "title": "Page has 1 navbar brand",
              "fullTitle": "Contact Page Test Page has 1 navbar brand",
              "timedOut": false,
              "duration": 967,
              "state": "passed",
              "speed": "slow",
              "pass": true,
              "fail": false,
              "pending": false,
              "context": null,
              "code": "await driver.get(url);\nconst navbarBrandElements = await driver.findElements(By.css('.navbar-brand'));\nexpect(navbarBrandElements).to.have.lengthOf(1);",
              "err": {},
              "uuid": "53cdb777-7d61-44fd-a476-9afa6f03fbf3",
              "parentUUID": "86d64d3a-64a4-464d-8087-f9486829d14a",
              "isHook": false,
              "skipped": false
            },
            {
              "title": "Navbar brand text is \"Shazada\"",
              "fullTitle": "Contact Page Test Navbar brand text is \"Shazada\"",
              "timedOut": false,
              "duration": 64,
              "state": "passed",
              "speed": "medium",
              "pass": true,
              "fail": false,
              "pending": false,
              "context": null,
              "code": "await driver.get(url);\nconst navbarBrandElement = await driver.findElement(By.css('.navbar-brand'));\nconst brandText = await navbarBrandElement.getText();\nexpect(brandText).to.equal('Shazada');",
              "err": {},
              "uuid": "ed882300-12fe-44e9-80da-1cffed25f1df",
              "parentUUID": "86d64d3a-64a4-464d-8087-f9486829d14a",
              "isHook": false,
              "skipped": false
            },
            {
              "title": "Page navbar should have at least 3 anchor tags",
              "fullTitle": "Contact Page Test Page navbar should have at least 3 anchor tags",
              "timedOut": false,
              "duration": 73,
              "state": "passed",
              "speed": "medium",
              "pass": true,
              "fail": false,
              "pending": false,
              "context": null,
              "code": "await driver.get(url);\nconst navbarAnchors = await driver.findElements(By.css('.navbar a'));\nexpect(navbarAnchors.length).to.at.least(3);",
              "err": {},
              "uuid": "016e0e2a-7241-46c8-a1cb-c252be6b02bc",
              "parentUUID": "86d64d3a-64a4-464d-8087-f9486829d14a",
              "isHook": false,
              "skipped": false
            },
            {
              "title": "Navbar tags include Home, Products, and About",
              "fullTitle": "Contact Page Test Navbar tags include Home, Products, and About",
              "timedOut": false,
              "duration": 133,
              "state": "passed",
              "speed": "slow",
              "pass": true,
              "fail": false,
              "pending": false,
              "context": null,
              "code": "await driver.get(url);\nlet navlinksText = [];\nconst navlinks = await driver.findElements(By.css('.navbar a'));\n    \nfor(let i = 0; i<navlinks.length; i++){\n    const link = navlinks[i]\n    const text = await link.getText();\n    navlinksText.push(text);\n}\nlet expectedTexts = [\"Home\", \"Products\", \"Contact\"]\nexpectedTexts.forEach((expectedText)=>{\n    expect(navlinksText, \"None of the navlinks passed test\").to.include(expectedText);\n})",
              "err": {},
              "uuid": "23e0731b-97e8-46de-94c8-41fecb27f862",
              "parentUUID": "86d64d3a-64a4-464d-8087-f9486829d14a",
              "isHook": false,
              "skipped": false
            },
            {
              "title": "Page navbar background color is rgb(13, 110, 253)",
              "fullTitle": "Contact Page Test Page navbar background color is rgb(13, 110, 253)",
              "timedOut": false,
              "duration": 49,
              "state": "passed",
              "speed": "medium",
              "pass": true,
              "fail": false,
              "pending": false,
              "context": null,
              "code": "await driver.get(url);\nconst navbar = await driver.findElement(By.css('.navbar'));\nconst backgroundColor = await navbar.getCssValue('background-color');\nexpect(backgroundColor).to.equal('rgb(13, 110, 253)');",
              "err": {},
              "uuid": "b6a2e794-fbdd-4f6e-a972-a0e9aa3a947d",
              "parentUUID": "86d64d3a-64a4-464d-8087-f9486829d14a",
              "isHook": false,
              "skipped": false
            },
            {
              "title": "Page contains a heading with text \"Contact Us\"",
              "fullTitle": "Contact Page Test Page contains a heading with text \"Contact Us\"",
              "timedOut": false,
              "duration": 48,
              "state": "passed",
              "speed": "medium",
              "pass": true,
              "fail": false,
              "pending": false,
              "context": null,
              "code": "await driver.get(url);\nconst heading = await driver.findElements(By.xpath('//*[contains(text(), \"Contact Us\")]'));\nexpect(heading).to.exist;",
              "err": {},
              "uuid": "479463ab-3d84-487c-819f-aabab7178331",
              "parentUUID": "86d64d3a-64a4-464d-8087-f9486829d14a",
              "isHook": false,
              "skipped": false
            },
            {
              "title": "Page check if element with Contact Us text is an h1, h2, or h3",
              "fullTitle": "Contact Page Test Page check if element with Contact Us text is an h1, h2, or h3",
              "timedOut": false,
              "duration": 37,
              "state": "passed",
              "speed": "fast",
              "pass": true,
              "fail": false,
              "pending": false,
              "context": null,
              "code": "await driver.get(url);\nconst heading = await driver.findElement(By.xpath('//*[contains(text(), \"Contact Us\")]'));\n\nconst tagName = await heading.getTagName();\nconst headingTags = ['h1', 'h2', 'h3'];\nlet isHeading = headingTags.some((headingTag)=>{\n    return headingTag === tagName;\n})\nexpect(isHeading, `Element with text COntact us is not an h1, h2 or h3`).to.be.true;",
              "err": {},
              "uuid": "46fc5af6-3416-4e45-bd13-ba73d68da17a",
              "parentUUID": "86d64d3a-64a4-464d-8087-f9486829d14a",
              "isHook": false,
              "skipped": false
            },
            {
              "title": "Page has link to Facebook",
              "fullTitle": "Contact Page Test Page has link to Facebook",
              "timedOut": false,
              "duration": 34,
              "state": "passed",
              "speed": "fast",
              "pass": true,
              "fail": false,
              "pending": false,
              "context": null,
              "code": "await driver.get(url);\nconst link = await driver.findElement(By.xpath('//a[contains(@href, \"facebook\")]'));\nexpect(link, `No anchor tag has a link to facebook`).to.exist;",
              "err": {},
              "uuid": "b0507bd3-51f7-410d-aa1f-3e7dd2da10f7",
              "parentUUID": "86d64d3a-64a4-464d-8087-f9486829d14a",
              "isHook": false,
              "skipped": false
            },
            {
              "title": "Page has link to LinkedIn",
              "fullTitle": "Contact Page Test Page has link to LinkedIn",
              "timedOut": false,
              "duration": 43,
              "state": "passed",
              "speed": "medium",
              "pass": true,
              "fail": false,
              "pending": false,
              "context": null,
              "code": "await driver.get(url);\nconst link = await driver.findElement(By.xpath('//a[contains(@href, \"linkedin\")]'));\nexpect(link, `No anchor tag has a link to LinkedIn`).to.exist;",
              "err": {},
              "uuid": "c0401027-3b00-40a0-9844-3dca5a682be3",
              "parentUUID": "86d64d3a-64a4-464d-8087-f9486829d14a",
              "isHook": false,
              "skipped": false
            },
            {
              "title": "Page has a contact form",
              "fullTitle": "Contact Page Test Page has a contact form",
              "timedOut": false,
              "duration": 34,
              "state": "passed",
              "speed": "fast",
              "pass": true,
              "fail": false,
              "pending": false,
              "context": null,
              "code": "await driver.get(url);\n\t\tconst contactForms = await driver.findElements(By.css('form'))\n\t\texpect(contactForms.length).to.be.at.least(1);",
              "err": {},
              "uuid": "dad59f4f-3280-4d32-a2d1-ada485355e03",
              "parentUUID": "86d64d3a-64a4-464d-8087-f9486829d14a",
              "isHook": false,
              "skipped": false
            },
            {
              "title": "Page has a contact form text input",
              "fullTitle": "Contact Page Test Page has a contact form text input",
              "timedOut": false,
              "duration": 49,
              "state": "passed",
              "speed": "medium",
              "pass": true,
              "fail": false,
              "pending": false,
              "context": null,
              "code": "await driver.get(url);\n    \tconst textInput = await driver.findElements(By.xpath('//input[contains(@type,\"text\")]'));\n    \texpect(textInput.length).to.be.at.least(1,'No contact form text input type found on the page')",
              "err": {},
              "uuid": "1bd329d8-d892-40fd-966c-ecd09504468b",
              "parentUUID": "86d64d3a-64a4-464d-8087-f9486829d14a",
              "isHook": false,
              "skipped": false
            },
            {
              "title": "Page has a contact form email input",
              "fullTitle": "Contact Page Test Page has a contact form email input",
              "timedOut": false,
              "duration": 44,
              "state": "passed",
              "speed": "medium",
              "pass": true,
              "fail": false,
              "pending": false,
              "context": null,
              "code": "await driver.get(url);\n    \tconst textInput = await driver.findElements(By.xpath('//input[contains(@type,\"email\")]'));\n    \texpect(textInput.length).to.be.at.least(1,'No contact form text input type found on the page')",
              "err": {},
              "uuid": "26f43ed2-0f85-45c9-b4db-8cd47eb09f80",
              "parentUUID": "86d64d3a-64a4-464d-8087-f9486829d14a",
              "isHook": false,
              "skipped": false
            },
            {
              "title": "Page has a contact form text field",
              "fullTitle": "Contact Page Test Page has a contact form text field",
              "timedOut": false,
              "duration": 49,
              "state": "passed",
              "speed": "medium",
              "pass": true,
              "fail": false,
              "pending": false,
              "context": null,
              "code": "await driver.get(url);\n    \tconst textInput = await driver.findElements(By.css('textarea'));\n    \texpect(textInput.length).to.be.at.least(1,'No contact form text input type found on the page')",
              "err": {},
              "uuid": "de48dd2d-a1c6-4dae-ab00-44f206b3a678",
              "parentUUID": "86d64d3a-64a4-464d-8087-f9486829d14a",
              "isHook": false,
              "skipped": false
            },
            {
              "title": "Page has a submit button",
              "fullTitle": "Contact Page Test Page has a submit button",
              "timedOut": false,
              "duration": 34,
              "state": "passed",
              "speed": "fast",
              "pass": true,
              "fail": false,
              "pending": false,
              "context": null,
              "code": "await driver.get(url);\n    \nconst submitButtons = await driver.findElements(By.xpath('//button[contains(@type,\"submit\")]'));\n    \nexpect(submitButtons.length).to.be.at.least(1, 'No submit button found on the page');",
              "err": {},
              "uuid": "26bf20db-c7d2-49f0-8557-ced4c8d292c1",
              "parentUUID": "86d64d3a-64a4-464d-8087-f9486829d14a",
              "isHook": false,
              "skipped": false
            }
          ],
          "suites": [],
          "passes": [
            "53cdb777-7d61-44fd-a476-9afa6f03fbf3",
            "ed882300-12fe-44e9-80da-1cffed25f1df",
            "016e0e2a-7241-46c8-a1cb-c252be6b02bc",
            "23e0731b-97e8-46de-94c8-41fecb27f862",
            "b6a2e794-fbdd-4f6e-a972-a0e9aa3a947d",
            "479463ab-3d84-487c-819f-aabab7178331",
            "46fc5af6-3416-4e45-bd13-ba73d68da17a",
            "b0507bd3-51f7-410d-aa1f-3e7dd2da10f7",
            "c0401027-3b00-40a0-9844-3dca5a682be3",
            "dad59f4f-3280-4d32-a2d1-ada485355e03",
            "1bd329d8-d892-40fd-966c-ecd09504468b",
            "26f43ed2-0f85-45c9-b4db-8cd47eb09f80",
            "de48dd2d-a1c6-4dae-ab00-44f206b3a678",
            "26bf20db-c7d2-49f0-8557-ced4c8d292c1"
          ],
          "failures": [],
          "pending": [],
          "skipped": [],
          "duration": 1658,
          "root": false,
          "rootEmpty": false,
          "_timeout": 30000
        }
      ],
      "passes": [],
      "failures": [],
      "pending": [],
      "skipped": [],
      "duration": 0,
      "root": true,
      "rootEmpty": true,
      "_timeout": 2000
    }
  ],
  "meta": {
    "mocha": {
      "version": "10.4.0"
    },
    "mochawesome": {
      "options": {
        "quiet": false,
        "reportFilename": "mochawesome",
        "saveHtml": true,
        "saveJson": true,
        "consoleReporter": "spec",
        "useInlineDiffs": false,
        "code": true
      },
      "version": "7.1.3"
    },
    "marge": {
      "options": {
        "reportDir": "reports"
      },
      "version": "6.2.0"
    }
  }
}